<?xml version="1.0" encoding="UTF-8"?>
<!-- Generated by org.testng.reporters.JUnitReportReporter -->
<testsuite hostname="HMECL000514" name="com.pearson.tests.SingleCaption" tests="1" failures="0" timestamp="1 Oct 2014 07:25:23 GMT" time="43.797" errors="0">
  <testcase name="HoverPlayButton" time="43.797" classname="com.pearson.tests.SingleCaption"/>
</testsuite> <!-- com.pearson.tests.SingleCaption -->
