<?xml version="1.0" encoding="UTF-8"?>
<!-- Generated by org.testng.reporters.JUnitReportReporter -->
<testsuite hostname="HP" name="com.pearson.tests.SimplifiedConceptCheckIT" tests="1" failures="0" timestamp="7 Oct 2013 14:52:33 GMT" time="111.148" errors="0">
  <testcase name="mathConceptCheck" time="111.148" classname="com.pearson.tests.SimplifiedConceptCheckIT"/>
</testsuite> <!-- com.pearson.tests.SimplifiedConceptCheckIT -->
