<?xml version="1.0" encoding="UTF-8"?>
<!-- Generated by org.testng.reporters.JUnitReportReporter -->
<testsuite hostname="HMECL000514" name="com.pearson.tests.ChapterTest" tests="1" failures="0" timestamp="1 Oct 2014 12:26:14 GMT" time="36.524" errors="0">
  <testcase name="VolumeController" time="36.524" classname="com.pearson.tests.ChapterTest"/>
</testsuite> <!-- com.pearson.tests.ChapterTest -->
