<?xml version="1.0" encoding="UTF-8"?>
<!-- Generated by org.testng.reporters.JUnitReportReporter -->
<testsuite hostname="HP" name="com.pearson.tests.PrePlayState" tests="5" failures="0" timestamp="10 Oct 2013 07:47:38 GMT" time="133.063" errors="0">
  <testcase name="PrePlayStateTwoCaptionVideo" time="6.155" classname="com.pearson.tests.PrePlayState"/>
  <testcase name="ChapteringVideo" time="38.649" classname="com.pearson.tests.PrePlayState"/>
  <testcase name="TitleAppears" time="76.030" classname="com.pearson.tests.PrePlayState"/>
  <testcase name="showsTenChapters" time="6.254" classname="com.pearson.tests.PrePlayState"/>
  <testcase name="PrePlayStateOneCaptionVideo" time="5.975" classname="com.pearson.tests.PrePlayState"/>
</testsuite> <!-- com.pearson.tests.PrePlayState -->
