<?xml version="1.0" encoding="UTF-8"?>
<!-- Generated by org.testng.reporters.JUnitReportReporter -->
<testsuite hostname="HMECL000514" name="com.pearson.tests.ExternalConceptCheck" tests="1" failures="0" timestamp="11 Aug 2014 05:07:22 GMT" time="48.296" errors="0">
  <testcase name="HoverPlayButton" time="48.296" classname="com.pearson.tests.ExternalConceptCheck"/>
</testsuite> <!-- com.pearson.tests.ExternalConceptCheck -->
