<?xml version="1.0" encoding="UTF-8"?>
<!-- Generated by org.testng.reporters.JUnitReportReporter -->
<testsuite hostname="HMECL000514" name="com.pearson.tests.TwoCaption" tests="1" failures="0" timestamp="21 Jul 2014 06:08:09 GMT" time="36.960" errors="0">
  <testcase name="PlayPause" time="36.960" classname="com.pearson.tests.TwoCaption"/>
</testsuite> <!-- com.pearson.tests.TwoCaption -->
