<?xml version="1.0" encoding="UTF-8"?>
<!-- Generated by org.testng.reporters.JUnitReportReporter -->
<testsuite hostname="HP" name="com.pearson.tests.AdditionalParameters" tests="1" failures="0" timestamp="14 Jan 2014 09:09:54 GMT" time="44.745" errors="0">
  <testcase name="titleAndDescription" time="44.745" classname="com.pearson.tests.AdditionalParameters"/>
</testsuite> <!-- com.pearson.tests.AdditionalParameters -->
