<?xml version="1.0" encoding="UTF-8"?>
<!-- Generated by org.testng.reporters.JUnitReportReporter -->
<testsuite hostname="HMECL000514" name="com.pearson.tests.UserInteraction" tests="1" failures="0" timestamp="24 Feb 2014 07:28:55 GMT" time="100.357" errors="0">
  <testcase name="VideoTitleCheck" time="100.357" classname="com.pearson.tests.UserInteraction"/>
</testsuite> <!-- com.pearson.tests.UserInteraction -->
